ObjVal: 35682485.490062, Gap: 0.000469, Runtime: 27.686815
ObjVal: 32834064.998093, Gap: 0.000604, Runtime: 25.912033
ObjVal: 31163634.148632, Gap: 0.000406, Runtime: 27.514113
ObjVal: 30800705.581975, Gap: 0.000538, Runtime: 21.468141
ObjVal: 34238438.779052, Gap: 0.000595, Runtime: 22.171063
ObjVal: 31405894.236965, Gap: 0.000333, Runtime: 21.360831
ObjVal: 37669143.701756, Gap: 0.000838, Runtime: 18.290267
ObjVal: 34557701.539963, Gap: 0.000710, Runtime: 19.957098
ObjVal: 37186150.248435, Gap: 0.000769, Runtime: 17.760017
ObjVal: 38846521.283940, Gap: 0.000974, Runtime: 15.159428
ObjVal: 35007699.746809, Gap: 0.000751, Runtime: 17.657887
ObjVal: 33192089.930148, Gap: 0.000299, Runtime: 30.975522
ObjVal: 35682485.490062, Gap: 0.000469, Runtime: 21.791244
ObjVal: 32834064.998093, Gap: 0.000604, Runtime: 22.569841
ObjVal: 31163634.148632, Gap: 0.000406, Runtime: 147.938312
ObjVal: 30800705.581975, Gap: 0.000538, Runtime: 27.624236
ObjVal: 34238438.779052, Gap: 0.000595, Runtime: 56.681728
ObjVal: 31405894.236965, Gap: 0.000333, Runtime: 34.403388
ObjVal: 37669143.701756, Gap: 0.000838, Runtime: 64.958744
ObjVal: 34557701.539963, Gap: 0.000710, Runtime: 83.873319
ObjVal: 37186150.248435, Gap: 0.000769, Runtime: 18.933453
ObjVal: 38846521.283940, Gap: 0.000974, Runtime: 15.741490
ObjVal: 35007699.746809, Gap: 0.000751, Runtime: 18.154759
ObjVal: 33192089.930148, Gap: 0.000299, Runtime: 44.628893
